<?xml version="1.0" encoding="UTF-8"?>
<testsuite xmlns:xsi="http://www.w3.org/2001/XMLSchema-instance" xsi:noNamespaceSchemaLocation="https://maven.apache.org/surefire/maven-surefire-plugin/xsd/surefire-test-report.xsd" version="3.0.2" name="com.yahya.chat.ChatApplicationTests" time="2.455" tests="1" errors="0" skipped="0" failures="0">
  <properties>
[...]
</properties>
  <testcase name="contextLoads" classname="com.yahya.chat.ChatApplicationTests" time="0.655">
    <system-out><![CDATA[10:00:09.682 [main] INFO org.springframework.test.context.support.AnnotationConfigContextLoaderUtils -- Could not detect default configuration classes for test class [com.yahya.chat.ChatApplicationTests]: ChatApplicationTests does not declare any static, non-private, non-final, nested classes annotated with @Configuration.
10:00:09.796 [main] INFO org.springframework.boot.test.context.SpringBootTestContextBootstrapper -- Found @SpringBootConfiguration com.yahya.chat.ChatApplication for test class com.yahya.chat.ChatApplicationTests

  .   ____          _            __ _ _
 /\\ / ___'_ __ _ _(_)_ __  __ _ \ \ \ \
( ( )\___ | '_ | '_| | '_ \/ _` | \ \ \ \
 \\/  ___)| |_)| | | | | || (_| |  ) ) ) )
  '  |____| .__|_| |_|_| |_\__, | / / / /
 =========|_|==============|___/=/_/_/_/

 :: Spring Boot ::                (v3.4.2)

2025-02-08T10:00:10.176+01:00  INFO 27716 --- [chat] [           main] com.yahya.chat.ChatApplicationTests      : Starting ChatApplicationTests using Java 21.0.5 with PID 27716 (started by yahya in C:\Users\yahya\OneDrive\Desktop\ChatApp springboot\chat\chat)
2025-02-08T10:00:10.176+01:00  INFO 27716 --- [chat] [           main] com.yahya.chat.ChatApplicationTests      : No active profile set, falling back to 1 default profile: "default"
2025-02-08T10:00:11.112+01:00  INFO 27716 --- [chat] [           main] o.s.b.a.w.s.WelcomePageHandlerMapping    : Adding welcome page: class path resource [static/index.html]
2025-02-08T10:00:11.297+01:00  INFO 27716 --- [chat] [           main] o.s.m.s.b.SimpleBrokerMessageHandler     : Starting...
2025-02-08T10:00:11.297+01:00  INFO 27716 --- [chat] [           main] o.s.m.s.b.SimpleBrokerMessageHandler     : BrokerAvailabilityEvent[available=true, SimpleBrokerMessageHandler [org.springframework.messaging.simp.broker.DefaultSubscriptionRegistry@5dc769f9]]
2025-02-08T10:00:11.297+01:00  INFO 27716 --- [chat] [           main] o.s.m.s.b.SimpleBrokerMessageHandler     : Started.
2025-02-08T10:00:11.297+01:00  INFO 27716 --- [chat] [           main] com.yahya.chat.ChatApplicationTests      : Started ChatApplicationTests in 1.358 seconds (process running for 2.185)
]]></system-out>
    <system-err><![CDATA[Mockito is currently self-attaching to enable the inline-mock-maker. This will no longer work in future releases of the JDK. Please add Mockito as an agent to your build what is described in Mockito's documentation: https://javadoc.io/doc/org.mockito/mockito-core/latest/org/mockito/Mockito.html#0.3
WARNING: A Java agent has been loaded dynamically (C:\Users\yahya\.m2\repository\net\bytebuddy\byte-buddy-agent\1.15.11\byte-buddy-agent-1.15.11.jar)
WARNING: If a serviceability tool is in use, please run with -XX:+EnableDynamicAgentLoading to hide this warning
WARNING: If a serviceability tool is not in use, please run with -Djdk.instrument.traceUsage for more information
WARNING: Dynamic loading of agents will be disallowed by default in a future release
]]></system-err>
  </testcase>
</testsuite>